This is pdfTeX, Version 3.14159265-2.6-1.40.20 (MiKTeX 2.9.7050) (preloaded format=pdflatex 2019.9.28)  30 SEP 2019 01:48
entering extended mode
**./rotorestimation.tex
(rotorestimation.tex
LaTeX2e <2018-12-01>
(birkjour.cls
Document Class: birkjour 2009/09/04 v6.0
\linespacing=\dimen102
\normalparindent=\dimen103
\normaltopskip=\skip41

("/Users/maurlope/Library/Application Support/MiKTeX/texmfs/install/tex/latex/a
msmath/amsgen.sty"
File: amsgen.sty 1999/11/30 v2.0 generic functions
\@emptytoks=\toks14
\ex@=\dimen104
)
("/Users/maurlope/Library/Application Support/MiKTeX/texmfs/install/tex/latex/a
msmath/amsmath.sty"
Package: amsmath 2018/12/01 v2.17b AMS math features
\@mathmargin=\skip42

For additional information on amsmath, use the `?' option.

("/Users/maurlope/Library/Application Support/MiKTeX/texmfs/install/tex/latex/a
msmath/amstext.sty"
Package: amstext 2000/06/29 v2.01 AMS text
)
("/Users/maurlope/Library/Application Support/MiKTeX/texmfs/install/tex/latex/a
msmath/amsbsy.sty"
Package: amsbsy 1999/11/29 v1.2d Bold Symbols
\pmbraise@=\dimen105
)
("/Users/maurlope/Library/Application Support/MiKTeX/texmfs/install/tex/latex/a
msmath/amsopn.sty"
Package: amsopn 2016/03/08 v2.02 operator names
)
\inf@bad=\count80
LaTeX Info: Redefining \frac on input line 223.
\uproot@=\count81
\leftroot@=\count82
LaTeX Info: Redefining \overline on input line 385.
\classnum@=\count83
\DOTSCASE@=\count84
LaTeX Info: Redefining \ldots on input line 482.
LaTeX Info: Redefining \dots on input line 485.
LaTeX Info: Redefining \cdots on input line 606.
\Mathstrutbox@=\box27
\strutbox@=\box28
\big@size=\dimen106
LaTeX Font Info:    Redeclaring font encoding OML on input line 729.
LaTeX Font Info:    Redeclaring font encoding OMS on input line 730.
\macc@depth=\count85
\c@MaxMatrixCols=\count86
\dotsspace@=\muskip10
\c@parentequation=\count87
\dspbrk@lvl=\count88
\tag@help=\toks15
\row@=\count89
\column@=\count90
\maxfields@=\count91
\andhelp@=\toks16
\eqnshift@=\dimen107
\alignsep@=\dimen108
\tagshift@=\dimen109
\tagwidth@=\dimen110
\totwidth@=\dimen111
\lineht@=\dimen112
\@envbody=\toks17
\multlinegap=\skip43
\multlinetaggap=\skip44
\mathdisplay@stack=\toks18
LaTeX Info: Redefining \[ on input line 2844.
LaTeX Info: Redefining \] on input line 2845.
)
("/Users/maurlope/Library/Application Support/MiKTeX/texmfs/install/tex/latex/a
msfonts/amsfonts.sty"
Package: amsfonts 2013/01/14 v3.01 Basic AMSFonts support
\symAMSa=\mathgroup4
\symAMSb=\mathgroup5
LaTeX Font Info:    Overwriting math alphabet `\mathfrak' in version `bold'
(Font)                  U/euf/m/n --> U/euf/b/n on input line 106.
)
("/Users/maurlope/Library/Application Support/MiKTeX/texmfs/install/tex/latex/g
raphics/graphicx.sty"
Package: graphicx 2017/06/01 v1.1a Enhanced LaTeX Graphics (DPC,SPQR)

("/Users/maurlope/Library/Application Support/MiKTeX/texmfs/install/tex/latex/g
raphics/keyval.sty"
Package: keyval 2014/10/28 v1.15 key=value parser (DPC)
\KV@toks@=\toks19
)
("/Users/maurlope/Library/Application Support/MiKTeX/texmfs/install/tex/latex/g
raphics/graphics.sty"
Package: graphics 2017/06/25 v1.2c Standard LaTeX Graphics (DPC,SPQR)

("/Users/maurlope/Library/Application Support/MiKTeX/texmfs/install/tex/latex/g
raphics/trig.sty"
Package: trig 2016/01/03 v1.10 sin cos tan (DPC)
)
("/Users/maurlope/Library/Application Support/MiKTeX/texmfs/install/tex/latex/g
raphics-cfg/graphics.cfg"
File: graphics.cfg 2016/06/04 v1.11 sample graphics configuration
)
Package graphics Info: Driver file: pdftex.def on input line 99.

("/Users/maurlope/Library/Application Support/MiKTeX/texmfs/install/tex/latex/g
raphics-def/pdftex.def"
File: pdftex.def 2018/01/08 v1.0l Graphics/color driver for pdftex
))
\Gin@req@height=\dimen113
\Gin@req@width=\dimen114
)
\lheadtstbox=\box29
\rheadtstbox=\box30
\lmaxhead=\dimen115
\rmaxhead=\dimen116
\copyins=\insert199
\abstractbox=\box31
\listisep=\skip45
\c@part=\count92
\c@section=\count93
\c@subsection=\count94
\c@subsubsection=\count95
\c@paragraph=\count96
\c@figure=\count97
\c@table=\count98
\abovecaptionskip=\skip46
\belowcaptionskip=\skip47
\captionindent=\dimen117

("/Users/maurlope/Library/Application Support/MiKTeX/texmfs/install/tex/latex/a
mscls/amsthm.sty"
Package: amsthm 2017/10/31 v2.20.4
\thm@style=\toks20
\thm@bodyfont=\toks21
\thm@headfont=\toks22
\thm@notefont=\toks23
\thm@headpunct=\toks24
\thm@preskip=\skip48
\thm@postskip=\skip49
\thm@headsep=\skip50
\dth@everypar=\toks25
)
\c@firstpage=\count99
\c@lastpage=\count100
\c@nrofpages=\count101

("/Users/maurlope/Library/Application Support/MiKTeX/texmfs/install/tex/latex/g
eometry-de/geometry.sty"
Package: geometry 2010/09/12 v5.6 Page Geometry

("/Users/maurlope/Library/Application Support/MiKTeX/texmfs/install/tex/generic
/oberdiek/ifpdf.sty"
Package: ifpdf 2018/09/07 v3.3 Provides the ifpdf switch
)
("/Users/maurlope/Library/Application Support/MiKTeX/texmfs/install/tex/generic
/oberdiek/ifvtex.sty"
Package: ifvtex 2016/05/16 v1.6 Detect VTeX and its facilities (HO)
Package ifvtex Info: VTeX not detected.
)
("/Users/maurlope/Library/Application Support/MiKTeX/texmfs/install/tex/generic
/ifxetex/ifxetex.sty"
Package: ifxetex 2010/09/12 v0.6 Provides ifxetex conditional
)
\Gm@cnth=\count102
\Gm@cntv=\count103
\c@Gm@tempcnt=\count104
\Gm@bindingoffset=\dimen118
\Gm@wd@mp=\dimen119
\Gm@odd@mp=\dimen120
\Gm@even@mp=\dimen121
\Gm@layoutwidth=\dimen122
\Gm@layoutheight=\dimen123
\Gm@layouthoffset=\dimen124
\Gm@layoutvoffset=\dimen125
\Gm@dimlist=\toks26

("/Users/maurlope/Library/Application Support/MiKTeX/texmfs/install/tex/latex/g
eometry/geometry.cfg")))
\c@thm=\count105

("/Users/maurlope/Library/Application Support/MiKTeX/texmfs/install/tex/latex/c
ite/cite.sty"
LaTeX Info: Redefining \cite on input line 302.
LaTeX Info: Redefining \nocite on input line 332.
Package: cite 2015/02/27  v 5.5
)
("/Users/maurlope/Library/Application Support/MiKTeX/texmfs/install/tex/latex/l
istings/listings.sty"
\lst@mode=\count106
\lst@gtempboxa=\box32
\lst@token=\toks27
\lst@length=\count107
\lst@currlwidth=\dimen126
\lst@column=\count108
\lst@pos=\count109
\lst@lostspace=\dimen127
\lst@width=\dimen128
\lst@newlines=\count110
\lst@lineno=\count111
\lst@maxwidth=\dimen129

("/Users/maurlope/Library/Application Support/MiKTeX/texmfs/install/tex/latex/l
istings/lstmisc.sty"
File: lstmisc.sty 2019/09/10 1.8c (Carsten Heinz)
\c@lstnumber=\count112
\lst@skipnumbers=\count113
\lst@framebox=\box33
)
("/Users/maurlope/Library/Application Support/MiKTeX/texmfs/install/tex/latex/l
istings/listings.cfg"
File: listings.cfg 2019/09/10 1.8c listings configuration
))
Package: listings 2019/09/10 1.8c (Carsten Heinz)

("/Users/maurlope/Library/Application Support/MiKTeX/texmfs/install/tex/latex/a
lgorithms/algorithm.sty"
Package: algorithm 2009/08/24 v0.1 Document Style `algorithm' - floating enviro
nment

("/Users/maurlope/Library/Application Support/MiKTeX/texmfs/install/tex/latex/f
loat/float.sty"
Package: float 2001/11/08 v1.3d Float enhancements (AL)
\c@float@type=\count114
\float@exts=\toks28
\float@box=\box34
\@float@everytoks=\toks29
\@floatcapt=\box35
)
("/Users/maurlope/Library/Application Support/MiKTeX/texmfs/install/tex/latex/b
ase/ifthen.sty"
Package: ifthen 2014/09/29 v1.1c Standard LaTeX ifthen package (DPC)
)
\@float@every@algorithm=\toks30
\c@algorithm=\count115
)
("/Users/maurlope/Library/Application Support/MiKTeX/texmfs/install/tex/latex/a
lgorithms/algorithmic.sty"
Package: algorithmic 2009/08/24 v0.1 Document Style `algorithmic'
\c@ALC@unique=\count116
\c@ALC@line=\count117
\c@ALC@rem=\count118
\c@ALC@depth=\count119
\ALC@tlm=\skip51
\algorithmicindent=\skip52
)
("/Users/maurlope/Library/Application Support/MiKTeX/texmfs/install/tex/latex/b
ooktabs/booktabs.sty"
Package: booktabs 2005/04/14 v1.61803 publication quality tables
\heavyrulewidth=\dimen130
\lightrulewidth=\dimen131
\cmidrulewidth=\dimen132
\belowrulesep=\dimen133
\belowbottomsep=\dimen134
\aboverulesep=\dimen135
\abovetopsep=\dimen136
\cmidrulesep=\dimen137
\cmidrulekern=\dimen138
\defaultaddspace=\dimen139
\@cmidla=\count120
\@cmidlb=\count121
\@aboverulesep=\dimen140
\@belowrulesep=\dimen141
\@thisruleclass=\count122
\@lastruleclass=\count123
\@thisrulewidth=\dimen142
)
("/Users/maurlope/Library/Application Support/MiKTeX/texmfs/install/tex/latex/c
aption/caption.sty"
Package: caption 2019/09/01 v3.3d Customizing captions (AR)

("/Users/maurlope/Library/Application Support/MiKTeX/texmfs/install/tex/latex/c
aption/caption3.sty"
Package: caption3 2019/09/01 v1.8d caption3 kernel (AR)
Package caption3 Info: TeX engine: e-TeX on input line 64.
\captionmargin=\dimen143
\captionmargin@=\dimen144
\captionwidth=\dimen145
\caption@tempdima=\dimen146
\caption@indent=\dimen147
\caption@parindent=\dimen148
\caption@hangindent=\dimen149
Package caption Info: Unknown document class (or package),
(caption)             standard defaults will be used.
)

Package caption Warning: Unsupported document class (or package) detected,
(caption)                usage of the caption package is not recommended.
See the caption package documentation for explanation.

Package caption Info: \@makecaption = \long macro:#1#2->\setbox \@tempboxa \vbo
x {\color@setgroup \advance \hsize -2\captionindent \noindent \@captionfont \@c
aptionheadfont #1\@xp \@ifnotempty \@xp {\@cdr #2\@nil }{.\@captionfont \upshap
e \enspace #2}\unskip \kern -2\captionindent \par \global \setbox \@ne \lastbox
 \color@endgroup }\ifhbox \@ne \setbox \@ne \hbox {\unhbox \@ne \unskip \unskip
 \unpenalty \unkern }\fi \ifdim \wd \@tempboxa =\z@ \setbox \@ne \hbox to\colum
nwidth {\hss \kern -2\captionindent \box \@ne \hss }\else \setbox \@ne \vbox {\
unvbox \@tempboxa \parskip \z@skip \noindent \unhbox \@ne \advance \hsize -2\ca
ptionindent \par }\fi \ifnum \@tempcnta <64 \addvspace \abovecaptionskip \mover
ight \captionindent \box \@ne \else \moveright \captionindent \box \@ne \nobrea
k \vskip \belowcaptionskip \fi \relax .
Package caption Info: AMS or SMF document class.
\c@caption@flags=\count124
\c@ContinuedFloat=\count125
Package caption Info: float package is loaded.
Package caption Info: listings package is loaded.
) (rotorestimation.aux)
\openout1 = `rotorestimation.aux'.

LaTeX Font Info:    Checking defaults for OML/cmm/m/it on input line 31.
LaTeX Font Info:    ... okay on input line 31.
LaTeX Font Info:    Checking defaults for T1/cmr/m/n on input line 31.
LaTeX Font Info:    ... okay on input line 31.
LaTeX Font Info:    Checking defaults for OT1/cmr/m/n on input line 31.
LaTeX Font Info:    ... okay on input line 31.
LaTeX Font Info:    Checking defaults for OMS/cmsy/m/n on input line 31.
LaTeX Font Info:    ... okay on input line 31.
LaTeX Font Info:    Checking defaults for OMX/cmex/m/n on input line 31.
LaTeX Font Info:    ... okay on input line 31.
LaTeX Font Info:    Checking defaults for U/cmr/m/n on input line 31.
LaTeX Font Info:    ... okay on input line 31.
LaTeX Font Info:    Try loading font information for U+msa on input line 31.

("/Users/maurlope/Library/Application Support/MiKTeX/texmfs/install/tex/latex/a
msfonts/umsa.fd"
File: umsa.fd 2013/01/14 v3.01 AMS symbols A
)
LaTeX Font Info:    Try loading font information for U+msb on input line 31.

("/Users/maurlope/Library/Application Support/MiKTeX/texmfs/install/tex/latex/a
msfonts/umsb.fd"
File: umsb.fd 2013/01/14 v3.01 AMS symbols B
)
("/Users/maurlope/Library/Application Support/MiKTeX/texmfs/install/tex/context
/base/mkii/supp-pdf.mkii"
[Loading MPS to PDF converter (version 2006.09.02).]
\scratchcounter=\count126
\scratchdimen=\dimen150
\scratchbox=\box36
\nofMPsegments=\count127
\nofMParguments=\count128
\everyMPshowfont=\toks31
\MPscratchCnt=\count129
\MPscratchDim=\dimen151
\MPnumerator=\count130
\makeMPintoPDFobject=\count131
\everyMPtoPDFconversion=\toks32
)
("/Users/maurlope/Library/Application Support/MiKTeX/texmfs/install/tex/latex/o
berdiek/epstopdf-base.sty"
Package: epstopdf-base 2016/05/15 v2.6 Base part for package epstopdf

("/Users/maurlope/Library/Application Support/MiKTeX/texmfs/install/tex/generic
/oberdiek/infwarerr.sty"
Package: infwarerr 2016/05/16 v1.4 Providing info/warning/error messages (HO)
)
("/Users/maurlope/Library/Application Support/MiKTeX/texmfs/install/tex/latex/o
berdiek/grfext.sty"
Package: grfext 2016/05/16 v1.2 Manage graphics extensions (HO)

("/Users/maurlope/Library/Application Support/MiKTeX/texmfs/install/tex/generic
/oberdiek/kvdefinekeys.sty"
Package: kvdefinekeys 2016/05/16 v1.4 Define keys (HO)

("/Users/maurlope/Library/Application Support/MiKTeX/texmfs/install/tex/generic
/oberdiek/ltxcmds.sty"
Package: ltxcmds 2016/05/16 v1.23 LaTeX kernel commands for general use (HO)
)))
("/Users/maurlope/Library/Application Support/MiKTeX/texmfs/install/tex/latex/o
berdiek/kvoptions.sty"
Package: kvoptions 2016/05/16 v3.12 Key value format for package options (HO)

("/Users/maurlope/Library/Application Support/MiKTeX/texmfs/install/tex/generic
/oberdiek/kvsetkeys.sty"
Package: kvsetkeys 2016/05/16 v1.17 Key value parser (HO)

("/Users/maurlope/Library/Application Support/MiKTeX/texmfs/install/tex/generic
/oberdiek/etexcmds.sty"
Package: etexcmds 2016/05/16 v1.6 Avoid name clashes with e-TeX commands (HO)

("/Users/maurlope/Library/Application Support/MiKTeX/texmfs/install/tex/generic
/oberdiek/ifluatex.sty"
Package: ifluatex 2016/05/16 v1.4 Provides the ifluatex switch (HO)
Package ifluatex Info: LuaTeX not detected.
))))
("/Users/maurlope/Library/Application Support/MiKTeX/texmfs/install/tex/generic
/oberdiek/pdftexcmds.sty"
Package: pdftexcmds 2019/07/25 v0.30 Utility functions of pdfTeX for LuaTeX (HO
)
Package pdftexcmds Info: LuaTeX not detected.
Package pdftexcmds Info: \pdf@primitive is available.
Package pdftexcmds Info: \pdf@ifprimitive is available.
Package pdftexcmds Info: \pdfdraftmode found.
)
Package epstopdf-base Info: Redefining graphics rule for `.eps' on input line 4
38.
Package grfext Info: Graphics extension search list:
(grfext)             [.pdf,.png,.jpg,.mps,.jpeg,.jbig2,.jb2,.PDF,.PNG,.JPG,.JPE
G,.JBIG2,.JB2,.eps]
(grfext)             \AppendGraphicsExtensions on input line 456.
)
*geometry* driver: auto-detecting
*geometry* detected driver: pdftex
*geometry* verbose mode - [ preamble ] result:
* driver: pdftex
* paper: custom
* layout: <same size as paper>
* layoutoffset:(h,v)=(0.0pt,0.0pt)
* modes: twoside asymmetric 
* h-part:(L,W,R)=(54.06023pt, 332.89726pt, 54.06023pt)
* v-part:(T,H,B)=(59.75078pt, 549.1382pt, 59.75078pt)
* \paperwidth=441.01772pt
* \paperheight=668.63976pt
* \textwidth=332.89726pt
* \textheight=549.1382pt
* \oddsidemargin=-18.20976pt
* \evensidemargin=-18.20976pt
* \topmargin=-37.51921pt
* \headheight=7.0pt
* \headsep=18.0pt
* \topskip=10.0pt
* \footskip=12.0pt
* \marginparwidth=90.0pt
* \marginparsep=11.0pt
* \columnsep=10.0pt
* \skip\footins=7.0pt plus 11.0pt
* \hoffset=0.0pt
* \voffset=0.0pt
* \mag=1000
* \@twocolumnfalse
* \@twosidetrue
* \@mparswitchfalse
* \@reversemarginfalse
* (1in=72.27pt=25.4mm, 1cm=28.453pt)

\c@lstlisting=\count132
Package caption Info: Begin \AtBeginDocument code.
Package caption Info: End \AtBeginDocument code.

Overfull \hbox (28.58607pt too wide) in paragraph at lines 89--90
\OT1/cmr/m/n/9 numerical algorithms which on the other hand are iterative and c
omputationally
 []


Overfull \hbox (15.94746pt too wide) in paragraph at lines 89--90
\OT1/cmr/m/n/9 data. In this paper we propose a high-performance, singularity-f
ree estimator
 []


Overfull \hbox (18.65361pt too wide) in paragraph at lines 94--94
[]\OT1/cmr/b/n/17.28 A High-Performance Singularity-Free Rotation
 []

[1
Non-PDF special ignored!
<special> papersize=15.5cm,23.5cm
{/Users/maurlope/Library/Application Support/MiKTeX/texmfs/data/pdftex/config/p
dftex.map}]
Overfull \hbox (3.46446pt too wide) in paragraph at lines 101--102
\OT1/cmr/m/n/10 low performance and quaternion based methods are in the other e
nd depending
 []


Overfull \hbox (4.15999pt too wide) in paragraph at lines 103--104
\OT1/cmr/m/n/10 of the best quaternion aligning two sets of corresponding vecto
rs i.e., equivalent
 []


LaTeX Warning: Citation `Eigen' on page 2 undefined on input line 107.


Overfull \hbox (6.76274pt too wide) in paragraph at lines 109--110
\OT1/cmr/m/n/10 algebra. Geo-met-ric algebra rotors are closely related to quat
ernions (quaternion
 []


Overfull \hbox (23.52005pt too wide) in paragraph at lines 109--110
\OT1/cmr/m/n/10 formulation on bivectos instead of vectors for the sake of math
ematical convenience.
 []


Underfull \vbox (badness 1102) has occurred while \output is active []

 [2]
Overfull \hbox (2.4099pt too wide) in paragraph at lines 119--120
\OT1/cmr/m/n/10 known as the pseudoscalar, because the trivector basis consist 
of single element
 []


Overfull \hbox (8.25505pt too wide) has occurred while \output is active
 \OT1/cmr/m/n/10 A High-Performance Singularity-Free Rotation Estimator in Geom
etric Algebra []
 []

[3]
Overfull \hbox (1.96445pt too wide) in paragraph at lines 139--141
\OT1/cmr/m/n/10 minimization is a non-linear least squares problem with a non-l
inear constraint
 []

[4]
Overfull \hbox (8.25505pt too wide) has occurred while \output is active
 \OT1/cmr/m/n/10 A High-Performance Singularity-Free Rotation Estimator in Geom
etric Algebra []
 []

[5]
Overfull \hbox (6.601pt too wide) in paragraph at lines 222--223
[]\OT1/cmr/m/n/10 Where $\OML/cmm/m/it/10 $ \OT1/cmr/m/n/10 is a small real va
lue $0 \OML/cmm/m/it/10 <  < \OT1/cmr/m/n/10 1$. The use of Tikhonov regulariz
ation
 []


Overfull \hbox (17.63121pt too wide) in paragraph at lines 228--230
\OT1/cmr/m/n/10 That is a non-linear qua-drat-ic maximization problem with a no
n-linear constraint.
 []

[6]
Overfull \hbox (18.77666pt too wide) in paragraph at lines 283--284
\OT1/cmr/m/n/10 and Jacobi iteration among others. However those algorithms fin
ds all eigenvectors
 []


Overfull \hbox (8.25505pt too wide) has occurred while \output is active
 \OT1/cmr/m/n/10 A High-Performance Singularity-Free Rotation Estimator in Geom
etric Algebra []
 []

[7] [8]
Overfull \hbox (8.25505pt too wide) has occurred while \output is active
 \OT1/cmr/m/n/10 A High-Performance Singularity-Free Rotation Estimator in Geom
etric Algebra []
 []

[9]
("/Users/maurlope/Library/Application Support/MiKTeX/texmfs/install/tex/latex/l
istings/lstlang1.sty"
File: lstlang1.sty 2019/09/10 1.8c listings language file
)
("/Users/maurlope/Library/Application Support/MiKTeX/texmfs/install/tex/latex/l
istings/lstlang1.sty"
File: lstlang1.sty 2019/09/10 1.8c listings language file
)
("/Users/maurlope/Library/Application Support/MiKTeX/texmfs/install/tex/latex/l
istings/lstmisc.sty"
File: lstmisc.sty 2019/09/10 1.8c (Carsten Heinz)
)
LaTeX Font Info:    Try loading font information for OML+cmr on input line 454.


("/Users/maurlope/Library/Application Support/MiKTeX/texmfs/install/tex/latex/b
ase/omlcmr.fd"
File: omlcmr.fd 2014/09/29 v2.5h Standard LaTeX font definitions
)
LaTeX Font Info:    Font shape `OML/cmr/m/n' in size <6> not available
(Font)              Font shape `OML/cmm/m/it' tried instead on input line 454.
LaTeX Font Info:    Try loading font information for OMS+cmr on input line 457.


("/Users/maurlope/Library/Application Support/MiKTeX/texmfs/install/tex/latex/b
ase/omscmr.fd"
File: omscmr.fd 2014/09/29 v2.5h Standard LaTeX font definitions
)
LaTeX Font Info:    Font shape `OMS/cmr/m/n' in size <6> not available
(Font)              Font shape `OMS/cmsy/m/n' tried instead on input line 457.
 (rotorestimation.bbl [10]
Underfull \hbox (badness 4205) in paragraph at lines 20--24
[]\OT1/cmr/m/n/9 D. Eggert, A. Lorusso, and R. Fisher. Estimating 3-d rigid bod
y
 []


Underfull \hbox (badness 1199) in paragraph at lines 71--76
\OT1/cmr/m/it/9 of the fifth Eurographics symposium on Geometry processing\OT1/
cmr/m/n/9 , SGP '07,
 []

)
Overfull \hbox (8.25505pt too wide) has occurred while \output is active
 \OT1/cmr/m/n/10 A High-Performance Singularity-Free Rotation Estimator in Geom
etric Algebra []
 []

[11] (rotorestimation.aux)

LaTeX Warning: There were undefined references.

 ) 
Here is how much of TeX's memory you used:
 6542 strings out of 494857
 95487 string characters out of 3176364
 361337 words of memory out of 3000000
 9943 multiletter control sequences out of 15000+200000
 13601 words of font info for 52 fonts, out of 3000000 for 9000
 162 hyphenation exceptions out of 8191
 41i,13n,60p,1208b,1430s stack positions out of 5000i,500n,10000p,200000b,50000s
</Users/maurlope/Library/Application Support/MiKTeX/texmfs/install/fonts/type
1/public/amsfonts/cm/cmb10.pfb></Users/maurlope/Library/Application Support/MiK
TeX/texmfs/install/fonts/type1/public/amsfonts/cm/cmcsc10.pfb></Users/maurlope/
Library/Application Support/MiKTeX/texmfs/install/fonts/type1/public/amsfonts/c
m/cmex10.pfb></Users/maurlope/Library/Application Support/MiKTeX/texmfs/install
/fonts/type1/public/amsfonts/cm/cmmi10.pfb></Users/maurlope/Library/Application
 Support/MiKTeX/texmfs/install/fonts/type1/public/amsfonts/cm/cmmi5.pfb></Users
/maurlope/Library/Application Support/MiKTeX/texmfs/install/fonts/type1/public/
amsfonts/cm/cmmi6.pfb></Users/maurlope/Library/Application Support/MiKTeX/texmf
s/install/fonts/type1/public/amsfonts/cm/cmmi7.pfb></Users/maurlope/Library/App
lication Support/MiKTeX/texmfs/install/fonts/type1/public/amsfonts/cm/cmr10.pfb
></Users/maurlope/Library/Application Support/MiKTeX/texmfs/install/fonts/type1
/public/amsfonts/cm/cmr12.pfb></Users/maurlope/Library/Application Support/MiKT
eX/texmfs/install/fonts/type1/public/amsfonts/cm/cmr5.pfb></Users/maurlope/Libr
ary/Application Support/MiKTeX/texmfs/install/fonts/type1/public/amsfonts/cm/cm
r6.pfb></Users/maurlope/Library/Application Support/MiKTeX/texmfs/install/fonts
/type1/public/amsfonts/cm/cmr7.pfb></Users/maurlope/Library/Application Support
/MiKTeX/texmfs/install/fonts/type1/public/amsfonts/cm/cmr8.pfb></Users/maurlope
/Library/Application Support/MiKTeX/texmfs/install/fonts/type1/public/amsfonts/
cm/cmr9.pfb></Users/maurlope/Library/Application Support/MiKTeX/texmfs/install/
fonts/type1/public/amsfonts/cm/cmsy10.pfb></Users/maurlope/Library/Application 
Support/MiKTeX/texmfs/install/fonts/type1/public/amsfonts/cm/cmsy6.pfb></Users/
maurlope/Library/Application Support/MiKTeX/texmfs/install/fonts/type1/public/a
msfonts/cm/cmsy7.pfb></Users/maurlope/Library/Application Support/MiKTeX/texmfs
/install/fonts/type1/public/amsfonts/cm/cmti10.pfb></Users/maurlope/Library/App
lication Support/MiKTeX/texmfs/install/fonts/type1/public/amsfonts/cm/cmti9.pfb
></Users/maurlope/Library/Application Support/MiKTeX/texmfs/install/fonts/type1
/public/amsfonts/cm/cmtt9.pfb></Users/maurlope/Library/Application Support/MiKT
eX/texmfs/install/fonts/type1/public/amsfonts/symbols/msbm10.pfb></Users/maurlo
pe/Library/Application Support/MiKTeX/texmfs/install/fonts/type1/public/amsfont
s/symbols/msbm7.pfb>
Output written on rotorestimation.pdf (11 pages, 297123 bytes).
PDF statistics:
 126 PDF objects out of 1000 (max. 8388607)
 0 named destinations out of 1000 (max. 500000)
 1 words of extra memory for PDF output out of 10000 (max. 10000000)

